<?xml version="1.0" encoding="utf-8"?><testsuites name="pytest tests"><testsuite name="pytest" errors="0" failures="0" skipped="0" tests="23" time="5.832" timestamp="2026-08-29T18:13:59.065030+00:00" hostname="agent-env-68d33057-ac74-44ff-80d2-fa62049c484a"><testcase classname="tests.backend_test.TestLive" name="test_live_structure" time="0.316" /><testcase classname="tests.backend_test.TestMaintenance" name="test_maintenance_list" time="0.383" /><testcase classname="tests.backend_test.TestLive" name="test_live_values_change" time="4.668" /><testcase classname="tests.backend_test.TestMaintenance" name="test_maintenance_all" time="0.072" /><testcase classname="tests.backend_test.TestMaintenance" name="test_create_work_order_and_verify" time="0.143" /><testcase classname="tests.backend_test.TestMaintenance" name="test_create_work_order_unknown_conveyor" time="0.073" /><testcase classname="tests.backend_test.TestMaintenance" name="test_create_work_order_validation" time="0.073" /><testcase classname="tests.backend_test.TestReports" name="test_reports_list" time="0.076" /><testcase classname="tests.backend_test.TestReports" name="test_compare_daily" time="0.074" /><testcase classname="tests.backend_test.TestReports" name="test_compare_weekly" time="0.071" /><testcase classname="tests.backend_test.TestReports" name="test_compare_unknown_conveyor" time="0.077" /><testcase classname="tests.backend_test.TestDetections" name="test_cv02_detections" time="0.076" /><testcase classname="tests.backend_test.TestDetections" name="test_cv04_critical_rip" time="0.076" /><testcase classname="tests.backend_test.TestDetections" name="test_unknown_conveyor_detections_empty" time="0.076" /><testcase classname="tests.backend_test.TestPlant" name="test_plant_structure" time="0.073" /><testcase classname="tests.backend_test.TestPlant" name="test_alerts_endpoint_sorted" time="0.069" /><testcase classname="tests.backend_test.TestPrediction" name="test_prediction_structure" time="0.073" /><testcase classname="tests.backend_test.TestPrediction" name="test_prediction_404" time="0.087" /><testcase classname="tests.backend_test.TestMedia" name="test_media_assets_served[/media/frame_a.jpg]" time="0.112" /><testcase classname="tests.backend_test.TestMedia" name="test_media_assets_served[/media/belt_cam.mp4]" time="0.191" /><testcase classname="tests.backend_test.TestLive" name="test_live_unknown_404" time="0.098" /><testcase classname="tests.backend_test.TestLive" name="test_status_mapping[CV-01-healthy]" time="0.082" /><testcase classname="tests.backend_test.TestLive" name="test_status_mapping[CV-04-critical]" time="0.083" /></testsuite></testsuites>